0 info it worked if it ends with ok
1 verbose cli [ 'C:\\Program Files\\nodejs\\node.exe',
1 verbose cli   'C:\\Program Files\\nodejs\\node_modules\\npm\\bin\\npm-cli.js',
1 verbose cli   'install',
1 verbose cli   'rails' ]
2 info using npm@2.14.12
3 info using node@v4.3.2
4 verbose install initial load of C:\Users\Acer\Documents\GitHub\bonsai_tree\package.json
5 verbose installManyTop reading scoped package data from C:\Users\Acer\Documents\GitHub\bonsai_tree\node_modules\accepts\package.json
6 verbose installManyTop reading scoped package data from C:\Users\Acer\Documents\GitHub\bonsai_tree\node_modules\array-flatten\package.json
7 verbose installManyTop reading scoped package data from C:\Users\Acer\Documents\GitHub\bonsai_tree\node_modules\bower\package.json
8 verbose installManyTop reading scoped package data from C:\Users\Acer\Documents\GitHub\bonsai_tree\node_modules\content-disposition\package.json
9 verbose installManyTop reading scoped package data from C:\Users\Acer\Documents\GitHub\bonsai_tree\node_modules\content-type\package.json
10 verbose installManyTop reading scoped package data from C:\Users\Acer\Documents\GitHub\bonsai_tree\node_modules\cookie\package.json
11 verbose installManyTop reading scoped package data from C:\Users\Acer\Documents\GitHub\bonsai_tree\node_modules\cookie-signature\package.json
12 verbose installManyTop reading scoped package data from C:\Users\Acer\Documents\GitHub\bonsai_tree\node_modules\debug\package.json
13 verbose installManyTop reading scoped package data from C:\Users\Acer\Documents\GitHub\bonsai_tree\node_modules\depd\package.json
14 verbose installManyTop reading scoped package data from C:\Users\Acer\Documents\GitHub\bonsai_tree\node_modules\destroy\package.json
15 verbose installManyTop reading scoped package data from C:\Users\Acer\Documents\GitHub\bonsai_tree\node_modules\ee-first\package.json
16 verbose installManyTop reading scoped package data from C:\Users\Acer\Documents\GitHub\bonsai_tree\node_modules\escape-html\package.json
17 verbose installManyTop reading scoped package data from C:\Users\Acer\Documents\GitHub\bonsai_tree\node_modules\etag\package.json
18 verbose installManyTop reading scoped package data from C:\Users\Acer\Documents\GitHub\bonsai_tree\node_modules\express\package.json
19 verbose installManyTop reading scoped package data from C:\Users\Acer\Documents\GitHub\bonsai_tree\node_modules\finalhandler\package.json
20 verbose installManyTop reading scoped package data from C:\Users\Acer\Documents\GitHub\bonsai_tree\node_modules\forwarded\package.json
21 verbose installManyTop reading scoped package data from C:\Users\Acer\Documents\GitHub\bonsai_tree\node_modules\fresh\package.json
22 verbose installManyTop reading scoped package data from C:\Users\Acer\Documents\GitHub\bonsai_tree\node_modules\graceful-fs\package.json
23 verbose installManyTop reading scoped package data from C:\Users\Acer\Documents\GitHub\bonsai_tree\node_modules\http-errors\package.json
24 verbose installManyTop reading scoped package data from C:\Users\Acer\Documents\GitHub\bonsai_tree\node_modules\inherits\package.json
25 verbose installManyTop reading scoped package data from C:\Users\Acer\Documents\GitHub\bonsai_tree\node_modules\ipaddr.js\package.json
26 verbose installManyTop reading scoped package data from C:\Users\Acer\Documents\GitHub\bonsai_tree\node_modules\media-typer\package.json
27 verbose installManyTop reading scoped package data from C:\Users\Acer\Documents\GitHub\bonsai_tree\node_modules\merge-descriptors\package.json
28 verbose installManyTop reading scoped package data from C:\Users\Acer\Documents\GitHub\bonsai_tree\node_modules\methods\package.json
29 verbose installManyTop reading scoped package data from C:\Users\Acer\Documents\GitHub\bonsai_tree\node_modules\mime\package.json
30 verbose installManyTop reading scoped package data from C:\Users\Acer\Documents\GitHub\bonsai_tree\node_modules\mime-db\package.json
31 verbose installManyTop reading scoped package data from C:\Users\Acer\Documents\GitHub\bonsai_tree\node_modules\mime-types\package.json
32 verbose installManyTop reading scoped package data from C:\Users\Acer\Documents\GitHub\bonsai_tree\node_modules\ms\package.json
33 verbose installManyTop reading scoped package data from C:\Users\Acer\Documents\GitHub\bonsai_tree\node_modules\negotiator\package.json
34 verbose installManyTop reading scoped package data from C:\Users\Acer\Documents\GitHub\bonsai_tree\node_modules\on-finished\package.json
35 verbose installManyTop reading scoped package data from C:\Users\Acer\Documents\GitHub\bonsai_tree\node_modules\parseurl\package.json
36 verbose installManyTop reading scoped package data from C:\Users\Acer\Documents\GitHub\bonsai_tree\node_modules\path-to-regexp\package.json
37 verbose installManyTop reading scoped package data from C:\Users\Acer\Documents\GitHub\bonsai_tree\node_modules\proxy-addr\package.json
38 verbose installManyTop reading scoped package data from C:\Users\Acer\Documents\GitHub\bonsai_tree\node_modules\qs\package.json
39 verbose installManyTop reading scoped package data from C:\Users\Acer\Documents\GitHub\bonsai_tree\node_modules\range-parser\package.json
40 verbose installManyTop reading scoped package data from C:\Users\Acer\Documents\GitHub\bonsai_tree\node_modules\send\package.json
41 verbose installManyTop reading scoped package data from C:\Users\Acer\Documents\GitHub\bonsai_tree\node_modules\serve-static\package.json
42 verbose installManyTop reading scoped package data from C:\Users\Acer\Documents\GitHub\bonsai_tree\node_modules\statuses\package.json
43 verbose installManyTop reading scoped package data from C:\Users\Acer\Documents\GitHub\bonsai_tree\node_modules\todomvc\package.json
44 verbose installManyTop reading scoped package data from C:\Users\Acer\Documents\GitHub\bonsai_tree\node_modules\type-is\package.json
45 verbose installManyTop reading scoped package data from C:\Users\Acer\Documents\GitHub\bonsai_tree\node_modules\unpipe\package.json
46 verbose installManyTop reading scoped package data from C:\Users\Acer\Documents\GitHub\bonsai_tree\node_modules\utils-merge\package.json
47 verbose installManyTop reading scoped package data from C:\Users\Acer\Documents\GitHub\bonsai_tree\node_modules\vary\package.json
48 info package.json mime@1.3.4 No license field.
49 info package.json ms@0.7.1 No license field.
50 info package.json todomvc@0.1.1 No repository field.
51 info package.json todomvc@0.1.1 No license field.
52 info package.json utils-merge@1.0.0 No license field.
53 verbose readDependencies loading dependencies from C:\Users\Acer\Documents\GitHub\bonsai_tree\package.json
54 silly cache add args [ 'rails', null ]
55 verbose cache add spec rails
56 silly cache add parsed spec Result {
56 silly cache add   raw: 'rails',
56 silly cache add   scope: null,
56 silly cache add   name: 'rails',
56 silly cache add   rawSpec: '',
56 silly cache add   spec: 'latest',
56 silly cache add   type: 'tag' }
57 silly addNamed rails@latest
58 verbose addNamed "latest" is being treated as a dist-tag for rails
59 info addNameTag [ 'rails', 'latest' ]
60 silly mapToRegistry name rails
61 silly mapToRegistry using default registry
62 silly mapToRegistry registry https://registry.npmjs.org/
63 silly mapToRegistry uri https://registry.npmjs.org/rails
64 verbose addNameTag registry:https://registry.npmjs.org/rails not in flight; fetching
65 verbose request uri https://registry.npmjs.org/rails
66 verbose request no auth needed
67 info attempt registry request try #1 at 10:18:40 AM
68 verbose request id 5bc450578fa70a75
69 http request GET https://registry.npmjs.org/rails
70 http 200 https://registry.npmjs.org/rails
71 verbose headers { server: 'CouchDB/1.5.0 (Erlang OTP/R16B03)',
71 verbose headers   etag: '"BS9CL5ROO5LLAZRBFN739SMNE"',
71 verbose headers   'content-type': 'application/json',
71 verbose headers   'cache-control': 'max-age=300',
71 verbose headers   'content-length': '9759',
71 verbose headers   'accept-ranges': 'bytes',
71 verbose headers   date: 'Tue, 08 Mar 2016 15:18:43 GMT',
71 verbose headers   via: '1.1 varnish',
71 verbose headers   age: '0',
71 verbose headers   connection: 'keep-alive',
71 verbose headers   'x-served-by': 'cache-atl6230-ATL',
71 verbose headers   'x-cache': 'MISS',
71 verbose headers   'x-cache-hits': '0',
71 verbose headers   'x-timer': 'S1457450323.507831,VS0,VE117',
71 verbose headers   vary: 'Accept' }
72 silly get cb [ 200,
72 silly get   { server: 'CouchDB/1.5.0 (Erlang OTP/R16B03)',
72 silly get     etag: '"BS9CL5ROO5LLAZRBFN739SMNE"',
72 silly get     'content-type': 'application/json',
72 silly get     'cache-control': 'max-age=300',
72 silly get     'content-length': '9759',
72 silly get     'accept-ranges': 'bytes',
72 silly get     date: 'Tue, 08 Mar 2016 15:18:43 GMT',
72 silly get     via: '1.1 varnish',
72 silly get     age: '0',
72 silly get     connection: 'keep-alive',
72 silly get     'x-served-by': 'cache-atl6230-ATL',
72 silly get     'x-cache': 'MISS',
72 silly get     'x-cache-hits': '0',
72 silly get     'x-timer': 'S1457450323.507831,VS0,VE117',
72 silly get     vary: 'Accept' } ]
73 verbose get saving rails to C:\Users\Acer\AppData\Roaming\npm-cache\registry.npmjs.org\rails\.cache.json
74 silly addNameTag next cb for rails with tag latest
75 silly addNamed rails@4.1.0-beta
76 verbose addNamed "4.1.0-beta" is a plain semver version for rails
77 silly mapToRegistry name rails
78 silly mapToRegistry using default registry
79 silly mapToRegistry registry https://registry.npmjs.org/
80 silly mapToRegistry uri https://registry.npmjs.org/rails
81 verbose addRemoteTarball https://registry.npmjs.org/rails/-/rails-4.1.0-beta.tgz not in flight; adding
82 verbose addRemoteTarball [ 'https://registry.npmjs.org/rails/-/rails-4.1.0-beta.tgz',
82 verbose addRemoteTarball   '9eb5552e380e7ad3aaacd1e453e80bdc2566adc4' ]
83 info retry fetch attempt 1 at 10:18:41 AM
84 info attempt registry request try #1 at 10:18:41 AM
85 http fetch GET https://registry.npmjs.org/rails/-/rails-4.1.0-beta.tgz
86 http fetch 200 https://registry.npmjs.org/rails/-/rails-4.1.0-beta.tgz
87 silly fetchAndShaCheck shasum 9eb5552e380e7ad3aaacd1e453e80bdc2566adc4
88 verbose stack Error: shasum check failed for C:\Users\Acer\AppData\Local\Temp\npm-1368-bfd3c63a\registry.npmjs.org\rails\-\rails-4.1.0-beta.tgz
88 verbose stack Expected: 9eb5552e380e7ad3aaacd1e453e80bdc2566adc4
88 verbose stack Actual:   7c6781caa4c55e5ce1783c450b8d494c6093d5c0
88 verbose stack From:     https://registry.npmjs.org/rails/-/rails-4.1.0-beta.tgz
88 verbose stack     at C:\Program Files\nodejs\node_modules\npm\node_modules\sha\index.js:25:8
88 verbose stack     at ReadStream.<anonymous> (C:\Program Files\nodejs\node_modules\npm\node_modules\sha\index.js:72:7)
88 verbose stack     at emitNone (events.js:72:20)
88 verbose stack     at ReadStream.emit (events.js:166:7)
88 verbose stack     at endReadableNT (_stream_readable.js:905:12)
88 verbose stack     at nextTickCallbackWith2Args (node.js:437:9)
88 verbose stack     at process._tickCallback (node.js:351:17)
89 verbose cwd C:\Users\Acer\Documents\GitHub\bonsai_tree
90 error Windows_NT 10.0.10240
91 error argv "C:\\Program Files\\nodejs\\node.exe" "C:\\Program Files\\nodejs\\node_modules\\npm\\bin\\npm-cli.js" "install" "rails"
92 error node v4.3.2
93 error npm  v2.14.12
94 error shasum check failed for C:\Users\Acer\AppData\Local\Temp\npm-1368-bfd3c63a\registry.npmjs.org\rails\-\rails-4.1.0-beta.tgz
94 error Expected: 9eb5552e380e7ad3aaacd1e453e80bdc2566adc4
94 error Actual:   7c6781caa4c55e5ce1783c450b8d494c6093d5c0
94 error From:     https://registry.npmjs.org/rails/-/rails-4.1.0-beta.tgz
95 error If you need help, you may report this error at:
95 error     <https://github.com/npm/npm/issues>
96 verbose exit [ 1, true ]
